Build started 12/9/2014 2:27:14 AM.
     1>Project "C:\Users\Alriightyman\Documents\Programming an RTS Game with Direct3D Source\D3D11\Chapter 3\Example 3.1\Example 3.1.vcxproj" on node 2 (Build target(s)).
     1>PreBuildEvent:
         MakeSpriteFont "Arial" .\Font\Font.spritefont /FontSize:48 
         :VCEnd
         Importing Arial
         Cropping glyph borders
         Packing glyphs into sprite sheet
         Premultiplying alpha
         Writing .\Font\Font.spritefont (CompressedMono format)
       ClCompile:
         C:\Program Files (x86)\Microsoft Visual Studio 11.0\VC\bin\CL.exe /c /IC:\SDKs\DirectXTK\Inc /ZI /nologo /W3 /WX- /Od /Oy- /D WIN32 /D _DEBUG /D _WINDOWS /D _UNICODE /D UNICODE /Gm /EHsc /RTC1 /MDd /GS /fp:precise /Zc:wchar_t /Zc:forScope /Fo"Debug\\" /Fd"Debug\vc110.pdb" /Gd /TP /analyze- /errorReport:prompt app.cpp
         app.cpp
       Link:
         C:\Program Files (x86)\Microsoft Visual Studio 11.0\VC\bin\link.exe /ERRORREPORT:PROMPT /OUT:"C:\Users\Alriightyman\Documents\Programming an RTS Game with Direct3D Source\D3D11\Chapter 3\Example 3.1\Debug\Example 3.1.exe" /INCREMENTAL /NOLOGO /LIBPATH:C:\SDKs\DirectXTK\Bin\Desktop_2012\Win32\Debug d3d11.lib DirectXTK.lib winmm.lib dxguid.lib kernel32.lib user32.lib gdi32.lib winspool.lib comdlg32.lib advapi32.lib shell32.lib ole32.lib oleaut32.lib uuid.lib odbc32.lib odbccp32.lib /MANIFEST /MANIFESTUAC:"level='asInvoker' uiAccess='false'" /manifest:embed /DEBUG /PDB:"C:\Users\Alriightyman\Documents\Programming an RTS Game with Direct3D Source\D3D11\Chapter 3\Example 3.1\Debug\Example 3.1.pdb" /SUBSYSTEM:WINDOWS /TLBID:1 /DYNAMICBASE /NXCOMPAT /IMPLIB:"C:\Users\Alriightyman\Documents\Programming an RTS Game with Direct3D Source\D3D11\Chapter 3\Example 3.1\Debug\Example 3.1.lib" /MACHINE:X86 Debug\app.obj
         Debug\Debug.obj
         Example 3.1.vcxproj -> C:\Users\Alriightyman\Documents\Programming an RTS Game with Direct3D Source\D3D11\Chapter 3\Example 3.1\Debug\Example 3.1.exe
     1>Done Building Project "C:\Users\Alriightyman\Documents\Programming an RTS Game with Direct3D Source\D3D11\Chapter 3\Example 3.1\Example 3.1.vcxproj" (Build target(s)).

Build succeeded.

Time Elapsed 00:00:03.75
